2024-09-18 16:10:07     {"info":"starting  sync order remark","third_order_no":"SH-22266736","params":{"agentNo":"CP00000961","orderNo":"SH-22266736","orderExplain":"nisi sit sunt dolore"}}
2024-09-18 16:10:08     {"info":"[create order sync order remark trip v1.0.1] return error","third_order_no":"SH-22266736","error":"Undefined offset: 2","file":"/www/scb/common/components/EasyCruise/Proxies/CenturyTripV101Proxy.php","line":73}
2024-09-18 16:10:45     {"info":"starting  sync order remark","third_order_no":"SH-22266736","params":{"agentNo":"CP00000961","orderNo":"SH-22266736","orderExplain":"nisi sit sunt dolore"}}
2024-09-18 16:10:45     {"info":"[create order sync order remark trip v1.0.1] return error","third_order_no":"SH-22266736","error":"Undefined offset: 2","file":"/www/scb/common/components/EasyCruise/Proxies/CenturyTripV101Proxy.php","line":73}
2024-09-18 16:10:58     {"info":"starting  sync order remark","third_order_no":"SH-22266736","params":{"agentNo":"CP00000961","orderNo":"SH-22266736","orderExplain":"nisi sit sunt dolore"}}
2024-09-18 16:12:29     {"info":"starting  sync order remark","third_order_no":"SH-22266736","params":{"orderNo":"SH-22266736","orderExplain":"nisi sit sunt dolore"}}
2024-09-18 16:12:48     {"info":"starting  sync order remark","third_order_no":"SH-22266736","params":{"agentNo":"CP00000961","orderNo":"SH-22266736","orderExplain":"nisi sit sunt dolore"}}
2024-09-18 16:13:20     {"info":"starting  sync order remark","third_order_no":"SH-22266736","params":{"orderNo":"SH-22266736","orderExplain":"nisi sit sunt dolore"}}
2024-09-18 16:14:18     {"info":"starting  sync order remark","third_order_no":"SH-22266736","params":{"orderNo":"SH-22266736","orderExplain":"nisi sit sunt dolore"}}
2024-09-18 16:19:37     {"info":"starting  sync order remark","third_order_no":"SH-22266736","params":{"orderNo":"SH-22266736","orderExplain":"nisi sit sunt dolore"}}
2024-09-18 17:56:09     {"info":"starting  sync order remark","third_order_no":"SH-22266736","params":{"orderNo":"SH-22266736","orderExplain":"nisi sit sunt dolore"}}
2024-09-18 17:56:10     {"info":"[create order sync order remark trip v1.0.1] return error","third_order_no":"SH-22266736","error":"code:8301001,message:当前订单号不存在","file":"/www/scb/common/components/EasyCruise/Proxies/CenturyTripV101Proxy.php","line":89}
2024-09-18 17:56:50     {"info":"starting  sync order remark","third_order_no":"SH-22266736","params":{"orderNo":"SH-22266736","orderExplain":"nisi sit sunt dolore"}}
2024-09-18 17:56:50     {"info":"[create order sync order remark trip v1.0.1] return error","third_order_no":"SH-22266736","error":"code:8301001,message:当前订单号不存在","file":"/www/scb/common/components/EasyCruise/Proxies/CenturyTripV101Proxy.php","line":89}
2024-09-18 17:57:23     {"info":"starting  sync order remark","third_order_no":"SH-22266736","params":{"orderNo":"SH-22266736","orderExplain":"nisi sit sunt dolore"}}
2024-09-18 17:58:01     {"info":"starting  sync order remark","third_order_no":"2022070100001454","params":{"orderNo":"2022070100001454","orderExplain":"nisi sit sunt dolore"}}
2024-09-18 17:58:17     {"info":"starting  sync order remark","third_order_no":"2022042200001769","params":{"orderNo":"2022042200001769","orderExplain":"nisi sit sunt dolore"}}
2024-09-18 17:58:42     {"info":"starting  sync order remark","third_order_no":"2022042000001245","params":{"orderNo":"2022042000001245","orderExplain":"nisi sit sunt dolore"}}
2024-09-18 17:58:53     {"info":"starting  sync order remark","third_order_no":"SH-22266736","params":{"orderNo":"SH-22266736","orderExplain":"nisi sit sunt dolore"}}
2024-09-18 17:59:06     {"info":"starting  sync order remark","third_order_no":"2022070100001454","params":{"orderNo":"2022070100001454","orderExplain":"nisi sit sunt dolore"}}
2024-09-18 18:00:43     {"info":"starting  sync order remark","third_order_no":"2022070100001454","params":{"orderNo":"2022070100001454","orderExplain":"nisi sit sunt dolore"}}
